<?xml version="1.0" encoding="UTF-8"?>
<!-- Generated by org.testng.reporters.JUnitReportReporter -->
<testsuite hostname="LAPTOP-CCRLHFCB" failures="0" tests="1" name="day7_07_06_2024.AssertionDemo" time="21.423" errors="0" timestamp="2024-07-06T15:09:42 IST" skipped="0">
  <testcase classname="day7_07_06_2024.AssertionDemo" name="login" time="21.423"/>
  <system-out/>
</testsuite> <!-- day7_07_06_2024.AssertionDemo -->
