<?xml version="1.0" encoding="UTF-8"?>
<!-- Generated by org.testng.reporters.JUnitReportReporter -->
<testsuite hostname="LAPTOP-CCRLHFCB" failures="0" tests="3" name="day7_07_06_2024.TestNGGroups" time="0.008" errors="0" timestamp="2024-07-05T17:56:36 IST" skipped="0">
  <testcase classname="day7_07_06_2024.TestNGGroups" name="test3" time="0.001"/>
  <system-out/>
  <testcase classname="day7_07_06_2024.TestNGGroups" name="test" time="0.006"/>
  <system-out/>
  <testcase classname="day7_07_06_2024.TestNGGroups" name="test1" time="0.001"/>
  <system-out/>
</testsuite> <!-- day7_07_06_2024.TestNGGroups -->
