<?xml version="1.0" encoding="UTF-8"?>
<!-- Generated by org.testng.reporters.JUnitReportReporter -->
<testsuite hostname="LAPTOP-CCRLHFCB" failures="0" tests="2" name="day7_07_06_2024.DepandsOnDemo" time="0.008" errors="0" timestamp="2024-07-05T18:42:00 IST" skipped="0">
  <testcase classname="day7_07_06_2024.DepandsOnDemo" name="login" time="0.002"/>
  <system-out/>
  <testcase classname="day7_07_06_2024.DepandsOnDemo" name="signUp" time="0.006"/>
  <system-out/>
</testsuite> <!-- day7_07_06_2024.DepandsOnDemo -->
