<?xml version="1.0" encoding="UTF-8"?>
<!-- Generated by org.testng.reporters.JUnitReportReporter -->
<testsuite hostname="LAPTOP-CCRLHFCB" failures="0" tests="3" name="day8_10_06_2024.FBLoginDP" time="18.027" errors="0" timestamp="2024-07-06T21:27:07 IST" skipped="0">
  <testcase classname="day8_10_06_2024.FBLoginDP" name="login" time="7.371"/>
  <system-out/>
  <testcase classname="day8_10_06_2024.FBLoginDP" name="login" time="5.392"/>
  <system-out/>
  <testcase classname="day8_10_06_2024.FBLoginDP" name="login" time="5.264"/>
  <system-out/>
</testsuite> <!-- day8_10_06_2024.FBLoginDP -->
