<?xml version="1.0" encoding="UTF-8"?>
<!-- Generated by org.testng.reporters.JUnitReportReporter -->
<testsuite hostname="LAPTOP-CCRLHFCB" failures="0" tests="1" name="day7_07_06_2024.TestNGParameter" time="0.006" errors="0" timestamp="2024-07-05T20:10:38 IST" skipped="0">
  <testcase classname="day7_07_06_2024.TestNGParameter" name="sum" time="0.006"/>
  <system-out/>
</testsuite> <!-- day7_07_06_2024.TestNGParameter -->
