<?xml version="1.0" encoding="UTF-8"?>
<!-- Generated by org.testng.reporters.JUnitReportReporter -->
<testsuite hostname="LAPTOP-CCRLHFCB" failures="0" tests="2" name="day6_06_06_2024.TestNg5" time="0.006" errors="0" timestamp="2024-07-04T19:12:41 IST" skipped="0">
  <testcase classname="day6_06_06_2024.TestNg5" name="enterUrl2" time="0.001"/>
  <system-out/>
  <testcase classname="day6_06_06_2024.TestNg5" name="enterUrl" time="0.005"/>
  <system-out/>
</testsuite> <!-- day6_06_06_2024.TestNg5 -->
