<?xml version="1.0" encoding="UTF-8"?>
<!-- Generated by org.testng.reporters.JUnitReportReporter -->
<testsuite hostname="LAPTOP-CCRLHFCB" failures="0" tests="2" name="day6_06_06_2024.OrangeHrmLogin" time="32.165" errors="0" timestamp="2024-07-04T20:23:04 IST" skipped="0">
  <testcase classname="day6_06_06_2024.OrangeHrmLogin" name="enterUrl" time="30.922"/>
  <system-out/>
  <testcase classname="day6_06_06_2024.OrangeHrmLogin" name="login" time="1.243"/>
  <system-out/>
</testsuite> <!-- day6_06_06_2024.OrangeHrmLogin -->
