<?xml version="1.0" encoding="UTF-8"?>
<!-- Generated by org.testng.reporters.JUnitReportReporter -->
<testsuite hostname="LAPTOP-CCRLHFCB" failures="0" tests="7" name="day6_06_06_2024.TestNg2" time="0.014" errors="0" timestamp="2024-07-04T19:12:41 IST" skipped="0">
  <testcase classname="day6_06_06_2024.TestNg2" name="test6" time="0.001"/>
  <system-out/>
  <testcase classname="day6_06_06_2024.TestNg2" name="test5" time="0.004"/>
  <system-out/>
  <testcase classname="day6_06_06_2024.TestNg2" name="test3" time="0.002"/>
  <system-out/>
  <testcase classname="day6_06_06_2024.TestNg2" name="test4" time="0.001"/>
  <system-out/>
  <testcase classname="day6_06_06_2024.TestNg2" name="test" time="0.004"/>
  <system-out/>
  <testcase classname="day6_06_06_2024.TestNg2" name="test" time="0.001"/>
  <system-out/>
  <testcase classname="day6_06_06_2024.TestNg2" name="test" time="0.001"/>
  <system-out/>
</testsuite> <!-- day6_06_06_2024.TestNg2 -->
