<?xml version="1.0" encoding="UTF-8"?>
<!-- Generated by org.testng.reporters.JUnitReportReporter -->
<testsuite hostname="LAPTOP-CCRLHFCB" failures="0" tests="3" name="day6_06_06_2024.TestNg1" time="0.007" errors="0" timestamp="2024-07-04T19:12:41 IST" skipped="0">
  <testcase classname="day6_06_06_2024.TestNg1" name="test2" time="0.003"/>
  <system-out/>
  <testcase classname="day6_06_06_2024.TestNg1" name="test3" time="0.003"/>
  <system-out/>
  <testcase classname="day6_06_06_2024.TestNg1" name="test" time="0.001"/>
  <system-out/>
</testsuite> <!-- day6_06_06_2024.TestNg1 -->
