<?xml version="1.0" encoding="UTF-8"?>
<!-- Generated by org.testng.reporters.JUnitReportReporter -->
<testsuite hostname="LAPTOP-CCRLHFCB" failures="0" tests="1" name="day6_06_06_2024.TestNg3" time="0.004" errors="0" timestamp="2024-07-04T19:12:41 IST" skipped="0">
  <testcase classname="day6_06_06_2024.TestNg3" name="testMethod" time="0.004"/>
  <system-out/>
</testsuite> <!-- day6_06_06_2024.TestNg3 -->
