<?xml version="1.0" encoding="UTF-8"?>
<!-- Generated by org.testng.reporters.JUnitReportReporter -->
<testsuite hostname="LAPTOP-CCRLHFCB" failures="0" tests="3" name="day8_10_06_2024.TestNGDataProvider" time="0.009" errors="0" timestamp="2024-07-06T15:49:06 IST" skipped="0">
  <testcase classname="day8_10_06_2024.TestNGDataProvider" name="login" time="0.001"/>
  <system-out/>
  <testcase classname="day8_10_06_2024.TestNGDataProvider" name="login" time="0.007"/>
  <system-out/>
  <testcase classname="day8_10_06_2024.TestNGDataProvider" name="login" time="0.001"/>
  <system-out/>
</testsuite> <!-- day8_10_06_2024.TestNGDataProvider -->
